# JRE version: Java(TM) SE Runtime Environment (24.0.1+9) (build 24.0.1+9-30)
# Java VM: Java HotSpot(TM) 64-Bit Server VM (24.0.1+9-30, mixed mode, emulated-client, sharing, tiered, compressed oops, compressed class ptrs, g1 gc, windows-amd64)
GC Precious Log:
 CardTable entry size: 512
 Card Set container configuration: InlinePtr #cards 4 size 8 Array Of Cards #cards 16 size 48 Howl #buckets 8 coarsen threshold 3686 Howl Bitmap #cards 512 size 80 coarsen threshold 460 Card regions per heap region 1 cards per card region 4096
 CPUs: 12 total, 12 available
 Memory: 16121M
 Large Page Support: Disabled
 NUMA Support: Disabled
 Compressed Oops: Enabled (Zero based)
 Heap Region Size: 2M
 Heap Min Capacity: 8M
 Heap Initial Capacity: 252M
 Heap Max Capacity: 4032M
 Pre-touch: Disabled
 Parallel Workers: 10
 Concurrent Workers: 3
 Concurrent Refinement Workers: 10
 Periodic GC: Disabled
Heap:
 garbage-first heap   total reserved 4128768K, committed 77824K, used 57353K [0x0000000704000000, 0x0000000800000000)
  region size 2048K, 18 young (36864K), 2 survivors (4096K)
 Metaspace       used 64947K, committed 65600K, reserved 1114112K
  class space    used 7362K, committed 7680K, reserved 1048576K
GC Heap History (20 events):
Event: 2.286 GC heap before
{Heap before GC invocations=5 (full 0):
 garbage-first heap   total reserved 4128768K, committed 77824K, used 43344K [0x0000000704000000, 0x0000000800000000)
  region size 2048K, 14 young (28672K), 2 survivors (4096K)
 Metaspace       used 35521K, committed 35968K, reserved 1114112K
  class space    used 4007K, committed 4224K, reserved 1048576K
}
Event: 2.289 GC heap after
{Heap after GC invocations=6 (full 0):
 garbage-first heap   total reserved 4128768K, committed 77824K, used 21820K [0x0000000704000000, 0x0000000800000000)
  region size 2048K, 2 young (4096K), 2 survivors (4096K)
 Metaspace       used 35521K, committed 35968K, reserved 1114112K
  class space    used 4007K, committed 4224K, reserved 1048576K
}
Event: 2.932 GC heap before
{Heap before GC invocations=7 (full 0):
 garbage-first heap   total reserved 4128768K, committed 77824K, used 56636K [0x0000000704000000, 0x0000000800000000)
  region size 2048K, 20 young (40960K), 2 survivors (4096K)
 Metaspace       used 46579K, committed 47040K, reserved 1114112K
  class space    used 5170K, committed 5376K, reserved 1048576K
}
Event: 2.936 GC heap after
{Heap after GC invocations=8 (full 0):
 garbage-first heap   total reserved 4128768K, committed 77824K, used 24325K [0x0000000704000000, 0x0000000800000000)
  region size 2048K, 2 young (4096K), 2 survivors (4096K)
 Metaspace       used 46579K, committed 47040K, reserved 1114112K
  class space    used 5170K, committed 5376K, reserved 1048576K
}
Event: 3.372 GC heap before
{Heap before GC invocations=8 (full 0):
 garbage-first heap   total reserved 4128768K, committed 77824K, used 59141K [0x0000000704000000, 0x0000000800000000)
  region size 2048K, 20 young (40960K), 2 survivors (4096K)
 Metaspace       used 55245K, committed 55808K, reserved 1114112K
  class space    used 6118K, committed 6336K, reserved 1048576K
}
Event: 3.376 GC heap after
{Heap after GC invocations=9 (full 0):
 garbage-first heap   total reserved 4128768K, committed 77824K, used 26406K [0x0000000704000000, 0x0000000800000000)
  region size 2048K, 3 young (6144K), 3 survivors (6144K)
 Metaspace       used 55245K, committed 55808K, reserved 1114112K
  class space    used 6118K, committed 6336K, reserved 1048576K
}
Event: 9.320 GC heap before
{Heap before GC invocations=9 (full 0):
 garbage-first heap   total reserved 4128768K, committed 77824K, used 61222K [0x0000000704000000, 0x0000000800000000)
  region size 2048K, 21 young (43008K), 3 survivors (6144K)
 Metaspace       used 59564K, committed 60160K, reserved 1114112K
  class space    used 6682K, committed 6912K, reserved 1048576K
}
Event: 9.324 GC heap after
{Heap after GC invocations=10 (full 0):
 garbage-first heap   total reserved 4128768K, committed 77824K, used 29942K [0x0000000704000000, 0x0000000800000000)
  region size 2048K, 3 young (6144K), 3 survivors (6144K)
 Metaspace       used 59564K, committed 60160K, reserved 1114112K
  class space    used 6682K, committed 6912K, reserved 1048576K
}
Event: 301.754 GC heap before
{Heap before GC invocations=11 (full 0):
 garbage-first heap   total reserved 4128768K, committed 77824K, used 54518K [0x0000000704000000, 0x0000000800000000)
  region size 2048K, 17 young (34816K), 3 survivors (6144K)
 Metaspace       used 63583K, committed 64256K, reserved 1114112K
  class space    used 7231K, committed 7488K, reserved 1048576K
}
Event: 301.808 GC heap after
{Heap after GC invocations=12 (full 1):
 garbage-first heap   total reserved 4128768K, committed 77824K, used 25034K [0x0000000704000000, 0x0000000800000000)
  region size 2048K, 0 young (0K), 0 survivors (0K)
 Metaspace       used 63583K, committed 64256K, reserved 1114112K
  class space    used 7231K, committed 7488K, reserved 1048576K
}
Event: 302.289 GC heap before
{Heap before GC invocations=12 (full 1):
 garbage-first heap   total reserved 4128768K, committed 77824K, used 61898K [0x0000000704000000, 0x0000000800000000)
  region size 2048K, 19 young (38912K), 0 survivors (0K)
 Metaspace       used 63635K, committed 64256K, reserved 1114112K
  class space    used 7238K, committed 7488K, reserved 1048576K
}
Event: 302.292 GC heap after
{Heap after GC invocations=13 (full 1):
 garbage-first heap   total reserved 4128768K, committed 77824K, used 29130K [0x0000000704000000, 0x0000000800000000)
  region size 2048K, 2 young (4096K), 2 survivors (4096K)
 Metaspace       used 63635K, committed 64256K, reserved 1114112K
  class space    used 7238K, committed 7488K, reserved 1048576K
}
Event: 303.811 GC heap before
{Heap before GC invocations=13 (full 1):
 garbage-first heap   total reserved 4128768K, committed 77824K, used 45514K [0x0000000704000000, 0x0000000800000000)
  region size 2048K, 11 young (22528K), 2 survivors (4096K)
 Metaspace       used 63753K, committed 64448K, reserved 1114112K
  class space    used 7244K, committed 7552K, reserved 1048576K
}
Event: 303.859 GC heap after
{Heap after GC invocations=14 (full 2):
 garbage-first heap   total reserved 4128768K, committed 77824K, used 23864K [0x0000000704000000, 0x0000000800000000)
  region size 2048K, 0 young (0K), 0 survivors (0K)
 Metaspace       used 63570K, committed 64448K, reserved 1114112K
  class space    used 7192K, committed 7552K, reserved 1048576K
}
Event: 304.238 GC heap before
{Heap before GC invocations=14 (full 2):
 garbage-first heap   total reserved 4128768K, committed 77824K, used 62776K [0x0000000704000000, 0x0000000800000000)
  region size 2048K, 19 young (38912K), 0 survivors (0K)
 Metaspace       used 63623K, committed 64448K, reserved 1114112K
  class space    used 7199K, committed 7552K, reserved 1048576K
}
Event: 304.241 GC heap after
{Heap after GC invocations=15 (full 2):
 garbage-first heap   total reserved 4128768K, committed 77824K, used 28040K [0x0000000704000000, 0x0000000800000000)
  region size 2048K, 3 young (6144K), 3 survivors (6144K)
 Metaspace       used 63623K, committed 64448K, reserved 1114112K
  class space    used 7199K, committed 7552K, reserved 1048576K
}
Event: 339.241 GC heap before
{Heap before GC invocations=15 (full 2):
 garbage-first heap   total reserved 4128768K, committed 77824K, used 46472K [0x0000000704000000, 0x0000000800000000)
  region size 2048K, 13 young (26624K), 3 survivors (6144K)
 Metaspace       used 63784K, committed 64512K, reserved 1114112K
  class space    used 7219K, committed 7552K, reserved 1048576K
}
Event: 339.286 GC heap after
{Heap after GC invocations=16 (full 3):
 garbage-first heap   total reserved 4128768K, committed 77824K, used 24624K [0x0000000704000000, 0x0000000800000000)
  region size 2048K, 0 young (0K), 0 survivors (0K)
 Metaspace       used 63782K, committed 64512K, reserved 1114112K
  class space    used 7218K, committed 7552K, reserved 1048576K
}
Event: 339.568 GC heap before
{Heap before GC invocations=16 (full 3):
 garbage-first heap   total reserved 4128768K, committed 77824K, used 59440K [0x0000000704000000, 0x0000000800000000)
  region size 2048K, 18 young (36864K), 0 survivors (0K)
 Metaspace       used 63807K, committed 64512K, reserved 1114112K
  class space    used 7223K, committed 7552K, reserved 1048576K
}
Event: 339.573 GC heap after
{Heap after GC invocations=17 (full 3):
 garbage-first heap   total reserved 4128768K, committed 77824K, used 28681K [0x0000000704000000, 0x0000000800000000)
  region size 2048K, 2 young (4096K), 2 survivors (4096K)
 Metaspace       used 63807K, committed 64512K, reserved 1114112K
  class space    used 7223K, committed 7552K, reserved 1048576K
}

